
============================================================
  Condition: zuna_real  (zuna → real, split=run)
============================================================
[TargetBankAudit] {"target_bank_n": 3974.0, "target_off_diag_mean": 0.9545738101005554, "target_off_diag_std": 0.008043263107538223}

[Dataset] window_mode: tight1s
[Dataset] target_space: common
[Dataset] add_event_marker: True
[Dataset] EEG shape: [63, 307]
[Dataset] n_samples: 3974
[Model] model: temporal_attn_small hidden_dim=128 n_layers=2 n_heads=4 dropout=0.35
{
  "setup": {
    "items": 3974,
    "train_items": 3849,
    "val_items": 125,
    "eeg_shape": [
      63,
      307
    ],
    "embedding_dim": 512,
    "device": "cuda",
    "first_forward_shape": [
      64,
      512
    ],
    "loss": "contrastive",
    "temperature": 0.07,
    "split_mode": "run",
    "val_runs": [
      32
    ],
    "input_domain": "zuna",
    "target_mode": "real",
    "window_mode": "tight1s",
    "target_space": "common",
    "model": "temporal_attn_small",
    "hidden_dim": 128,
    "n_layers": 2,
    "n_heads": 4,
    "dropout": 0.35,
    "stem_dropout1d": 0.15,
    "augment_eeg": true,
    "augment_params": {
      "channel_dropout": 0.1,
      "noise_std": 0.03,
      "amp_scale": 0.1,
      "time_mask": 24,
      "time_jitter": 8
    },
    "target_bank_audit": {
      "target_bank_n": 3974.0,
      "target_off_diag_mean": 0.9545738101005554,
      "target_off_diag_std": 0.008043263107538223
    }
  }
}
Run directory: outputs/baseline_matrix/20260514_132502_matrix/20260514_132519_zuna_real_zuna_real_tight1s_recovery
{"epoch": 1, "train_loss": 4.7279985268910725, "val_loss": 4.829829692840576, "val_score": 0.06397003307938576, "top1": 0.00800000037997961, "top5": 0.03999999910593033, "top10": 0.07999999821186066, "mrr": 0.04397003352642059, "median_rank": 63.0, "mean_diag_cosine": -0.014485940337181091, "collapse_score": 0.1146378972474352}
{"epoch": 2, "train_loss": 4.721332518259684, "val_loss": 4.827946186065674, "val_score": 0.06407018005847931, "top1": 0.00800000037997961, "top5": 0.03999999910593033, "top10": 0.07999999821186066, "mrr": 0.044070180505514145, "median_rank": 63.0, "mean_diag_cosine": -0.005244037602096796, "collapse_score": 0.16699341097493975}
{"epoch": 3, "train_loss": 4.71817831993103, "val_loss": 4.821113586425781, "val_score": 0.07103844359517097, "top1": 0.00800000037997961, "top5": 0.06400000303983688, "top10": 0.09600000083446503, "mrr": 0.04703844338655472, "median_rank": 59.0, "mean_diag_cosine": -0.008603161200881004, "collapse_score": 0.5547488666942264}
{"epoch": 4, "train_loss": 4.709533389409383, "val_loss": 4.796019554138184, "val_score": 0.08230748772621155, "top1": 0.00800000037997961, "top5": 0.03999999910593033, "top10": 0.12800000607967377, "mrr": 0.050307486206293106, "median_rank": 51.0, "mean_diag_cosine": 0.016947872936725616, "collapse_score": 2.1748124353509377}
{"epoch": 5, "train_loss": 4.695335610707601, "val_loss": 4.78365421295166, "val_score": 0.07914825156331062, "top1": 0.01600000075995922, "top5": 0.03999999910593033, "top10": 0.09600000083446503, "mrr": 0.055148251354694366, "median_rank": 49.0, "mean_diag_cosine": 0.007172896061092615, "collapse_score": 2.390538903935671}
{"epoch": 6, "train_loss": 4.673752538363138, "val_loss": 4.759604454040527, "val_score": 0.0827547051012516, "top1": 0.00800000037997961, "top5": 0.06400000303983688, "top10": 0.1120000034570694, "mrr": 0.05475470423698425, "median_rank": 48.0, "mean_diag_cosine": 0.011743823066353798, "collapse_score": 3.1502173515843084}
{"epoch": 7, "train_loss": 4.63907839457194, "val_loss": 4.735807418823242, "val_score": 0.09513471648097038, "top1": 0.0, "top5": 0.07999999821186066, "top10": 0.1599999964237213, "mrr": 0.055134717375040054, "median_rank": 48.0, "mean_diag_cosine": 0.01758859120309353, "collapse_score": 3.557851705396272}
{"epoch": 8, "train_loss": 4.60762132803599, "val_loss": 4.666933059692383, "val_score": 0.11366544663906097, "top1": 0.00800000037997961, "top5": 0.08799999952316284, "top10": 0.17599999904632568, "mrr": 0.06966544687747955, "median_rank": 36.0, "mean_diag_cosine": 0.019136417657136917, "collapse_score": 4.179026729221076}
{"epoch": 9, "train_loss": 4.590350047747294, "val_loss": 4.652358531951904, "val_score": 0.11636848002672195, "top1": 0.01600000075995922, "top5": 0.08799999952316284, "top10": 0.1599999964237213, "mrr": 0.07636848092079163, "median_rank": 35.0, "mean_diag_cosine": 0.020008014515042305, "collapse_score": 4.178469631032098}
{"epoch": 10, "train_loss": 4.562138112386068, "val_loss": 4.652738094329834, "val_score": 0.11249321699142456, "top1": 0.01600000075995922, "top5": 0.04800000041723251, "top10": 0.17599999904632568, "mrr": 0.06849321722984314, "median_rank": 36.0, "mean_diag_cosine": 0.019166719168424606, "collapse_score": 4.034370976154321}
{"epoch": 11, "train_loss": 4.542316031455994, "val_loss": 4.62850284576416, "val_score": 0.12225224822759628, "top1": 0.01600000075995922, "top5": 0.10400000214576721, "top10": 0.17599999904632568, "mrr": 0.07825224846601486, "median_rank": 33.0, "mean_diag_cosine": 0.019497958943247795, "collapse_score": 4.3086534829232646}
{"epoch": 12, "train_loss": 4.51597797870636, "val_loss": 4.625534534454346, "val_score": 0.12366633117198944, "top1": 0.01600000075995922, "top5": 0.09600000083446503, "top10": 0.17599999904632568, "mrr": 0.07966633141040802, "median_rank": 34.0, "mean_diag_cosine": 0.02708100900053978, "collapse_score": 4.226377123212006}
{"epoch": 13, "train_loss": 4.50038644472758, "val_loss": 4.586580276489258, "val_score": 0.1409604176878929, "top1": 0.024000000208616257, "top5": 0.12800000607967377, "top10": 0.19200000166893005, "mrr": 0.0929604172706604, "median_rank": 32.0, "mean_diag_cosine": 0.02771611511707306, "collapse_score": 4.144822334281476}
{"epoch": 14, "train_loss": 4.483320299784342, "val_loss": 4.620595932006836, "val_score": 0.14337138086557388, "top1": 0.03999999910593033, "top5": 0.1120000034570694, "top10": 0.17599999904632568, "mrr": 0.09937138110399246, "median_rank": 33.0, "mean_diag_cosine": 0.02764047309756279, "collapse_score": 4.303209440136352}
{"epoch": 15, "train_loss": 4.460711050033569, "val_loss": 4.601207733154297, "val_score": 0.12177524343132973, "top1": 0.01600000075995922, "top5": 0.10400000214576721, "top10": 0.1679999977350235, "mrr": 0.07977524399757385, "median_rank": 32.0, "mean_diag_cosine": 0.02761138789355755, "collapse_score": 4.225952868270211}
{"epoch": 16, "train_loss": 4.456596684455872, "val_loss": 4.570484161376953, "val_score": 0.15024622902274132, "top1": 0.03200000151991844, "top5": 0.12800000607967377, "top10": 0.2160000056028366, "mrr": 0.09624622762203217, "median_rank": 33.0, "mean_diag_cosine": 0.02939555235207081, "collapse_score": 4.263367430821089}
{"epoch": 17, "train_loss": 4.443270516395569, "val_loss": 4.609758377075195, "val_score": 0.15262049809098244, "top1": 0.03999999910593033, "top5": 0.11999999731779099, "top10": 0.2160000056028366, "mrr": 0.09862049669027328, "median_rank": 33.0, "mean_diag_cosine": 0.02975449152290821, "collapse_score": 4.145174052593063}
{"epoch": 18, "train_loss": 4.431786553064982, "val_loss": 4.580478668212891, "val_score": 0.15607351064682007, "top1": 0.03999999910593033, "top5": 0.11999999731779099, "top10": 0.20800000429153442, "mrr": 0.10407350957393646, "median_rank": 31.0, "mean_diag_cosine": 0.03106091171503067, "collapse_score": 4.229597833938139}
{"epoch": 19, "train_loss": 4.416897996266683, "val_loss": 4.580715179443359, "val_score": 0.1554129496216774, "top1": 0.03200000151991844, "top5": 0.11999999731779099, "top10": 0.23199999332427979, "mrr": 0.09741295129060745, "median_rank": 32.0, "mean_diag_cosine": 0.028443271294236183, "collapse_score": 4.037388415626035}
{"epoch": 20, "train_loss": 4.396740039189656, "val_loss": 4.572994232177734, "val_score": 0.1501467153429985, "top1": 0.03200000151991844, "top5": 0.11999999731779099, "top10": 0.20800000429153442, "mrr": 0.0981467142701149, "median_rank": 32.0, "mean_diag_cosine": 0.03379003703594208, "collapse_score": 4.284446912939069}
{"epoch": 21, "train_loss": 4.3962725083033245, "val_loss": 4.540382385253906, "val_score": 0.17078814283013344, "top1": 0.04800000041723251, "top5": 0.15199999511241913, "top10": 0.23999999463558197, "mrr": 0.11078814417123795, "median_rank": 29.0, "mean_diag_cosine": 0.03539064899086952, "collapse_score": 4.348671773118916}
{"epoch": 22, "train_loss": 4.380735095342001, "val_loss": 4.570101737976074, "val_score": 0.1745038889348507, "top1": 0.0560000017285347, "top5": 0.1120000034570694, "top10": 0.23999999463558197, "mrr": 0.1145038902759552, "median_rank": 33.0, "mean_diag_cosine": 0.03226383030414581, "collapse_score": 4.010183383776867}
{"epoch": 23, "train_loss": 4.376136390368144, "val_loss": 4.546807289123535, "val_score": 0.1687493398785591, "top1": 0.03200000151991844, "top5": 0.14399999380111694, "top10": 0.25600001215934753, "mrr": 0.10474933683872223, "median_rank": 29.0, "mean_diag_cosine": 0.03580693155527115, "collapse_score": 4.140917586263503}
{"epoch": 24, "train_loss": 4.369000124931335, "val_loss": 4.5833330154418945, "val_score": 0.17772403731942177, "top1": 0.0560000017285347, "top5": 0.14399999380111694, "top10": 0.23999999463558197, "mrr": 0.11772403866052628, "median_rank": 29.0, "mean_diag_cosine": 0.03199154883623123, "collapse_score": 4.264500183081189}
{"epoch": 25, "train_loss": 4.361912624041239, "val_loss": 4.548809051513672, "val_score": 0.1734417900443077, "top1": 0.0560000017285347, "top5": 0.12800000607967377, "top10": 0.23199999332427979, "mrr": 0.11544179171323776, "median_rank": 30.0, "mean_diag_cosine": 0.036150459200143814, "collapse_score": 4.31402414563078}
{"epoch": 26, "train_loss": 4.360706464449565, "val_loss": 4.5380096435546875, "val_score": 0.14667222276329994, "top1": 0.024000000208616257, "top5": 0.14399999380111694, "top10": 0.20000000298023224, "mrr": 0.09667222201824188, "median_rank": 28.0, "mean_diag_cosine": 0.036390092223882675, "collapse_score": 4.32308616371159}
{"epoch": 27, "train_loss": 4.351365820566813, "val_loss": 4.548242568969727, "val_score": 0.15533412992954254, "top1": 0.03200000151991844, "top5": 0.13600000739097595, "top10": 0.2240000069141388, "mrr": 0.09933412820100784, "median_rank": 29.0, "mean_diag_cosine": 0.03734802454710007, "collapse_score": 4.307847988948286}
{"epoch": 28, "train_loss": 4.335415363311768, "val_loss": 4.541786193847656, "val_score": 0.16111085191369057, "top1": 0.0560000017285347, "top5": 0.09600000083446503, "top10": 0.20000000298023224, "mrr": 0.11111085116863251, "median_rank": 28.0, "mean_diag_cosine": 0.03610279783606529, "collapse_score": 4.184664343596739}
{"epoch": 29, "train_loss": 4.3288472414016725, "val_loss": 4.563498497009277, "val_score": 0.1613030806183815, "top1": 0.04800000041723251, "top5": 0.10400000214576721, "top10": 0.2240000069141388, "mrr": 0.1053030788898468, "median_rank": 29.0, "mean_diag_cosine": 0.034775882959365845, "collapse_score": 4.221209731758909}
{"epoch": 30, "train_loss": 4.315358130137126, "val_loss": 4.550134658813477, "val_score": 0.16926167160272598, "top1": 0.0560000017285347, "top5": 0.1120000034570694, "top10": 0.2240000069141388, "mrr": 0.11326166987419128, "median_rank": 31.0, "mean_diag_cosine": 0.03743576630949974, "collapse_score": 4.216596486422629}
{"epoch": 31, "train_loss": 4.309649475415548, "val_loss": 4.5169172286987305, "val_score": 0.17682348936796188, "top1": 0.04800000041723251, "top5": 0.12800000607967377, "top10": 0.25600001215934753, "mrr": 0.112823486328125, "median_rank": 29.0, "mean_diag_cosine": 0.03991224244236946, "collapse_score": 4.275141559767389}
{"epoch": 32, "train_loss": 4.310546024640401, "val_loss": 4.548222541809082, "val_score": 0.17062801122665405, "top1": 0.04800000041723251, "top5": 0.13600000739097595, "top10": 0.23199999332427979, "mrr": 0.1126280128955841, "median_rank": 28.0, "mean_diag_cosine": 0.035619888454675674, "collapse_score": 4.23563397805535}
{"epoch": 33, "train_loss": 4.305404726664225, "val_loss": 4.575248718261719, "val_score": 0.17594214528799057, "top1": 0.0560000017285347, "top5": 0.12800000607967377, "top10": 0.24799999594688416, "mrr": 0.11394214630126953, "median_rank": 30.0, "mean_diag_cosine": 0.03289138153195381, "collapse_score": 4.207388551632216}
{"epoch": 34, "train_loss": 4.293324375152588, "val_loss": 4.525557518005371, "val_score": 0.18680407106876373, "top1": 0.04800000041723251, "top5": 0.14399999380111694, "top10": 0.2720000147819519, "mrr": 0.11880406737327576, "median_rank": 29.0, "mean_diag_cosine": 0.04012460261583328, "collapse_score": 4.249610352832719}
{"epoch": 35, "train_loss": 4.293138337135315, "val_loss": 4.525357246398926, "val_score": 0.18026044964790344, "top1": 0.06400000303983688, "top5": 0.14399999380111694, "top10": 0.23199999332427979, "mrr": 0.1222604513168335, "median_rank": 27.0, "mean_diag_cosine": 0.037659354507923126, "collapse_score": 4.159902362321944}
{"epoch": 36, "train_loss": 4.277854212125143, "val_loss": 4.5469183921813965, "val_score": 0.1796528697013855, "top1": 0.04800000041723251, "top5": 0.12800000607967377, "top10": 0.25600001215934753, "mrr": 0.11565286666154861, "median_rank": 30.0, "mean_diag_cosine": 0.0387556366622448, "collapse_score": 4.254360236937528}
{"epoch": 37, "train_loss": 4.267169388135274, "val_loss": 4.547917366027832, "val_score": 0.15941870585083961, "top1": 0.03200000151991844, "top5": 0.13600000739097595, "top10": 0.2160000056028366, "mrr": 0.10541870445013046, "median_rank": 30.0, "mean_diag_cosine": 0.03762129694223404, "collapse_score": 4.241078020842262}
{"epoch": 38, "train_loss": 4.253583526611328, "val_loss": 4.541172981262207, "val_score": 0.18555965274572372, "top1": 0.04800000041723251, "top5": 0.14399999380111694, "top10": 0.2720000147819519, "mrr": 0.11755964905023575, "median_rank": 30.0, "mean_diag_cosine": 0.03934210166335106, "collapse_score": 4.2603942724317685}
{"epoch": 39, "train_loss": 4.2492329676946, "val_loss": 4.5676679611206055, "val_score": 0.1532195806503296, "top1": 0.03200000151991844, "top5": 0.09600000083446503, "top10": 0.2240000069141388, "mrr": 0.09721957892179489, "median_rank": 31.0, "mean_diag_cosine": 0.035882629454135895, "collapse_score": 4.246473143576243}
{"epoch": 40, "train_loss": 4.247079300880432, "val_loss": 4.5830078125, "val_score": 0.15544240921735764, "top1": 0.03999999910593033, "top5": 0.11999999731779099, "top10": 0.20800000429153442, "mrr": 0.10344240814447403, "median_rank": 31.0, "mean_diag_cosine": 0.036486800760030746, "collapse_score": 4.231442035588706}
{"epoch": 41, "train_loss": 4.240006343523661, "val_loss": 4.568059921264648, "val_score": 0.17628968507051468, "top1": 0.0560000017285347, "top5": 0.1599999964237213, "top10": 0.2240000069141388, "mrr": 0.12028968334197998, "median_rank": 34.0, "mean_diag_cosine": 0.03422192111611366, "collapse_score": 4.103708403590015}
{"epoch": 42, "train_loss": 4.229933802286784, "val_loss": 4.541394233703613, "val_score": 0.1753142923116684, "top1": 0.03999999910593033, "top5": 0.17599999904632568, "top10": 0.24799999594688416, "mrr": 0.11331429332494736, "median_rank": 29.0, "mean_diag_cosine": 0.039151839911937714, "collapse_score": 4.2931087143799544}
{"epoch": 43, "train_loss": 4.2206517616907755, "val_loss": 4.551331520080566, "val_score": 0.18515101820230484, "top1": 0.06400000303983688, "top5": 0.15199999511241913, "top10": 0.2240000069141388, "mrr": 0.12915101647377014, "median_rank": 28.0, "mean_diag_cosine": 0.03765975311398506, "collapse_score": 4.298056809044053}
{"epoch": 44, "train_loss": 4.217833598454793, "val_loss": 4.565032005310059, "val_score": 0.17083460465073586, "top1": 0.03999999910593033, "top5": 0.13600000739097595, "top10": 0.23999999463558197, "mrr": 0.11083460599184036, "median_rank": 33.0, "mean_diag_cosine": 0.038726892322301865, "collapse_score": 4.244875229088707}
{"epoch": 45, "train_loss": 4.220088140169779, "val_loss": 4.575896263122559, "val_score": 0.1631554737687111, "top1": 0.03999999910593033, "top5": 0.1120000034570694, "top10": 0.2240000069141388, "mrr": 0.10715547204017639, "median_rank": 34.0, "mean_diag_cosine": 0.03712817281484604, "collapse_score": 4.202902667123395}
{"epoch": 46, "train_loss": 4.207930930455526, "val_loss": 4.56160831451416, "val_score": 0.16684815287590027, "top1": 0.03200000151991844, "top5": 0.15199999511241913, "top10": 0.24799999594688416, "mrr": 0.10484815388917923, "median_rank": 28.0, "mean_diag_cosine": 0.03766180947422981, "collapse_score": 4.280695250948801}
{"epoch": 47, "train_loss": 4.208851432800293, "val_loss": 4.581177711486816, "val_score": 0.16391613706946373, "top1": 0.04800000041723251, "top5": 0.13600000739097595, "top10": 0.2160000056028366, "mrr": 0.10991613566875458, "median_rank": 33.0, "mean_diag_cosine": 0.036509040743112564, "collapse_score": 4.292676868395463}
{"epoch": 48, "train_loss": 4.199306019147238, "val_loss": 4.588391304016113, "val_score": 0.17937346547842026, "top1": 0.06400000303983688, "top5": 0.11999999731779099, "top10": 0.23199999332427979, "mrr": 0.12137346714735031, "median_rank": 32.0, "mean_diag_cosine": 0.03487424552440643, "collapse_score": 4.238193002893136}
{"epoch": 49, "train_loss": 4.19661009311676, "val_loss": 4.554049491882324, "val_score": 0.17516004294157028, "top1": 0.03999999910593033, "top5": 0.1599999964237213, "top10": 0.24799999594688416, "mrr": 0.11316004395484924, "median_rank": 30.0, "mean_diag_cosine": 0.04023926332592964, "collapse_score": 4.3293255790832195}
{"epoch": 50, "train_loss": 4.172981397310893, "val_loss": 4.519637107849121, "val_score": 0.1917172595858574, "top1": 0.0560000017285347, "top5": 0.1599999964237213, "top10": 0.25600001215934753, "mrr": 0.1277172565460205, "median_rank": 29.0, "mean_diag_cosine": 0.04197690635919571, "collapse_score": 4.280505896605992}
{
  "best_score": 0.1917172595858574,
  "best_epoch": 50,
  "run_dir": "outputs/baseline_matrix/20260514_132502_matrix/20260514_132519_zuna_real_zuna_real_tight1s_recovery",
  "metrics": {
    "loss": 4.519637107849121,
    "n": 125,
    "top1": 0.0560000017285347,
    "top5": 0.1599999964237213,
    "top10": 0.25600001215934753,
    "mrr": 0.1277172565460205,
    "median_rank": 29.0,
    "off_diag_cosine": 0.008711373433470726,
    "pred_std": 0.03781170770525932,
    "target_std": 0.008833467029035091,
    "collapse_score": 4.280505896605992,
    "mean_diag_cosine": 0.04197690635919571,
    "random_top1_expected": 0.008,
    "random_top5_expected": 0.04,
    "random_top10_expected": 0.08,
    "best_epoch": 50,
    "best_score": 0.1917172595858574,
    "best_mrr": 0.1277172565460205,
    "best_top10": 0.25600001215934753,
    "best_collapse_score": 4.280505896605992,
    "target_bank_audit": {
      "target_bank_n": 3974.0,
      "target_off_diag_mean": 0.9545738101005554,
      "target_off_diag_std": 0.008043263107538223
    },
    "target_bank_n": 3974.0,
    "target_off_diag_mean": 0.9545738101005554,
    "target_off_diag_std": 0.008043263107538223,
    "input_domain": "zuna",
    "target_mode": "real",
    "split_mode": "run",
    "condition": "zuna_real"
  }
}

============================================================
  Condition: zuna_shuffled  (zuna → shuffled, split=run)
============================================================
[TargetBankAudit] {"target_bank_n": 3974.0, "target_off_diag_mean": 0.9545738101005554, "target_off_diag_std": 0.008043263107538223}

[Dataset] window_mode: tight1s
[Dataset] target_space: common
[Dataset] add_event_marker: True
[Dataset] EEG shape: [63, 307]
[Dataset] n_samples: 3974
[Model] model: temporal_attn_small hidden_dim=128 n_layers=2 n_heads=4 dropout=0.35
{
  "setup": {
    "items": 3974,
    "train_items": 3849,
    "val_items": 125,
    "eeg_shape": [
      63,
      307
    ],
    "embedding_dim": 512,
    "device": "cuda",
    "first_forward_shape": [
      64,
      512
    ],
    "loss": "contrastive",
    "temperature": 0.07,
    "split_mode": "run",
    "val_runs": [
      32
    ],
    "input_domain": "zuna",
    "target_mode": "shuffled",
    "window_mode": "tight1s",
    "target_space": "common",
    "model": "temporal_attn_small",
    "hidden_dim": 128,
    "n_layers": 2,
    "n_heads": 4,
    "dropout": 0.35,
    "stem_dropout1d": 0.15,
    "augment_eeg": true,
    "augment_params": {
      "channel_dropout": 0.1,
      "noise_std": 0.03,
      "amp_scale": 0.1,
      "time_mask": 24,
      "time_jitter": 8
    },
    "target_bank_audit": {
      "target_bank_n": 3974.0,
      "target_off_diag_mean": 0.9545738101005554,
      "target_off_diag_std": 0.008043263107538223
    }
  }
}
Run directory: outputs/baseline_matrix/20260514_132502_matrix/20260514_133028_zuna_shuffled_zuna_shuffled_tight1s_recovery
{"epoch": 1, "train_loss": 4.7281956990559895, "val_loss": 4.830164432525635, "val_score": -1.0, "top1": 0.00800000037997961, "top5": 0.03999999910593033, "top10": 0.07999999821186066, "mrr": 0.04200310632586479, "median_rank": 63.0, "mean_diag_cosine": 0.0045475740917027, "collapse_score": 0.09099445125397024}
{"epoch": 2, "train_loss": 4.722932600975037, "val_loss": 4.829817771911621, "val_score": -1.0, "top1": 0.00800000037997961, "top5": 0.04800000041723251, "top10": 0.07999999821186066, "mrr": 0.04350501298904419, "median_rank": 63.0, "mean_diag_cosine": 0.009187314659357071, "collapse_score": 0.0716364796412588}
{"epoch": 3, "train_loss": 4.720474529266357, "val_loss": 4.829916954040527, "val_score": -1.0, "top1": 0.00800000037997961, "top5": 0.03999999910593033, "top10": 0.07999999821186066, "mrr": 0.043312858790159225, "median_rank": 64.0, "mean_diag_cosine": 0.012492125853896141, "collapse_score": 0.0578378075587783}
{"epoch": 4, "train_loss": 4.719414623578389, "val_loss": 4.829566478729248, "val_score": -1.0, "top1": 0.01600000075995922, "top5": 0.03999999910593033, "top10": 0.07999999821186066, "mrr": 0.047408103942871094, "median_rank": 64.0, "mean_diag_cosine": 0.004959086887538433, "collapse_score": 0.06610526764047708}
{"epoch": 5, "train_loss": 4.719629557927449, "val_loss": 4.829458236694336, "val_score": -1.0, "top1": 0.00800000037997961, "top5": 0.03999999910593033, "top10": 0.07999999821186066, "mrr": 0.043244849890470505, "median_rank": 62.0, "mean_diag_cosine": 0.007038827054202557, "collapse_score": 0.06892633410537759}
{"epoch": 6, "train_loss": 4.718074297904968, "val_loss": 4.828787326812744, "val_score": 0.06471038237214088, "top1": 0.00800000037997961, "top5": 0.04800000041723251, "top10": 0.07999999821186066, "mrr": 0.04471038281917572, "median_rank": 63.0, "mean_diag_cosine": 0.00674788374453783, "collapse_score": 0.16281603069177605}
{"epoch": 7, "train_loss": 4.717269031206767, "val_loss": 4.8282623291015625, "val_score": 0.060623906552791595, "top1": 0.00800000037997961, "top5": 0.04800000041723251, "top10": 0.07199999690055847, "mrr": 0.04262390732765198, "median_rank": 59.0, "mean_diag_cosine": 0.0014510556356981397, "collapse_score": 0.2590171489949415}
{"epoch": 8, "train_loss": 4.716188915570577, "val_loss": 4.828492164611816, "val_score": 0.06105813570320606, "top1": 0.00800000037997961, "top5": 0.04800000041723251, "top10": 0.06400000303983688, "mrr": 0.04505813494324684, "median_rank": 60.0, "mean_diag_cosine": 0.013022051192820072, "collapse_score": 0.3805050499062135}
{"epoch": 9, "train_loss": 4.714269908269246, "val_loss": 4.827569961547852, "val_score": 0.06880827806890011, "top1": 0.024000000208616257, "top5": 0.03999999910593033, "top10": 0.06400000303983688, "mrr": 0.05280827730894089, "median_rank": 63.0, "mean_diag_cosine": -0.001144159585237503, "collapse_score": 0.7815653809402114}
{"epoch": 10, "train_loss": 4.709674048423767, "val_loss": 4.831768989562988, "val_score": 0.06298000738024712, "top1": 0.00800000037997961, "top5": 0.03999999910593033, "top10": 0.07999999821186066, "mrr": 0.04298000782728195, "median_rank": 57.0, "mean_diag_cosine": 0.00545711163431406, "collapse_score": 1.290163221827672}
{"epoch": 11, "train_loss": 4.704781730969747, "val_loss": 4.827875137329102, "val_score": 0.06545624136924744, "top1": 0.00800000037997961, "top5": 0.03200000151991844, "top10": 0.08799999952316284, "mrr": 0.043456241488456726, "median_rank": 63.0, "mean_diag_cosine": 0.006321184802800417, "collapse_score": 1.8675393963826492}
{"epoch": 12, "train_loss": 4.696499657630921, "val_loss": 4.834637641906738, "val_score": 0.06037379428744316, "top1": 0.00800000037997961, "top5": 0.03200000151991844, "top10": 0.07199999690055847, "mrr": 0.04237379506230354, "median_rank": 62.0, "mean_diag_cosine": 0.0039360434748232365, "collapse_score": 2.587429194282652}
{"epoch": 13, "train_loss": 4.687723008791606, "val_loss": 4.842280387878418, "val_score": 0.04628043435513973, "top1": 0.0, "top5": 0.01600000075995922, "top10": 0.0560000017285347, "mrr": 0.03228043392300606, "median_rank": 62.0, "mean_diag_cosine": 0.0026038505602627993, "collapse_score": 3.820379130964296}
{"epoch": 14, "train_loss": 4.673889565467834, "val_loss": 4.830985069274902, "val_score": 0.07097940519452095, "top1": 0.00800000037997961, "top5": 0.04800000041723251, "top10": 0.09600000083446503, "mrr": 0.046979404985904694, "median_rank": 67.0, "mean_diag_cosine": 0.00033704753150232136, "collapse_score": 4.049331785433665}
{"epoch": 15, "train_loss": 4.667042255401611, "val_loss": 4.84519100189209, "val_score": 0.059988513588905334, "top1": 0.00800000037997961, "top5": 0.03200000151991844, "top10": 0.07199999690055847, "mrr": 0.04198851436376572, "median_rank": 61.0, "mean_diag_cosine": 0.001451824908144772, "collapse_score": 4.449793868631931}
{"epoch": 16, "train_loss": 4.659341176350911, "val_loss": 4.826055526733398, "val_score": 0.06533458456397057, "top1": 0.01600000075995922, "top5": 0.03200000151991844, "top10": 0.07199999690055847, "mrr": 0.04733458533883095, "median_rank": 58.0, "mean_diag_cosine": 0.0027723219245672226, "collapse_score": 4.598335916106831}
{"epoch": 17, "train_loss": 4.640359767278036, "val_loss": 4.839282035827637, "val_score": 0.05050951801240444, "top1": 0.00800000037997961, "top5": 0.01600000075995922, "top10": 0.0560000017285347, "mrr": 0.03650951758027077, "median_rank": 62.0, "mean_diag_cosine": 0.0005209024529904127, "collapse_score": 4.521940165053307}
{"epoch": 18, "train_loss": 4.630656703313192, "val_loss": 4.804311752319336, "val_score": 0.08250464498996735, "top1": 0.00800000037997961, "top5": 0.07199999690055847, "top10": 0.10400000214576721, "mrr": 0.05650464445352554, "median_rank": 57.0, "mean_diag_cosine": 0.0032761101610958576, "collapse_score": 4.65419242470663}
{"epoch": 19, "train_loss": 4.623843336105347, "val_loss": 4.831386566162109, "val_score": 0.05439792014658451, "top1": 0.0, "top5": 0.024000000208616257, "top10": 0.06400000303983688, "mrr": 0.03839791938662529, "median_rank": 60.0, "mean_diag_cosine": 0.0014241535682231188, "collapse_score": 4.656496488747838}
{"epoch": 20, "train_loss": 4.613659278551737, "val_loss": 4.839710235595703, "val_score": 0.058003980666399, "top1": 0.00800000037997961, "top5": 0.024000000208616257, "top10": 0.07199999690055847, "mrr": 0.040003981441259384, "median_rank": 62.0, "mean_diag_cosine": 0.0002453999186400324, "collapse_score": 4.536817279167573}
{"epoch": 21, "train_loss": 4.599154456456502, "val_loss": 4.820430278778076, "val_score": 0.05757599323987961, "top1": 0.00800000037997961, "top5": 0.024000000208616257, "top10": 0.07199999690055847, "mrr": 0.03957599401473999, "median_rank": 53.0, "mean_diag_cosine": 0.002744062338024378, "collapse_score": 4.4046793546164595}
{"epoch": 22, "train_loss": 4.594963876406352, "val_loss": 4.823500633239746, "val_score": 0.056064050644636154, "top1": 0.0, "top5": 0.03200000151991844, "top10": 0.07199999690055847, "mrr": 0.038064051419496536, "median_rank": 54.0, "mean_diag_cosine": 0.0032752167899161577, "collapse_score": 4.566467335414091}
{"epoch": 23, "train_loss": 4.586255192756653, "val_loss": 4.830543518066406, "val_score": 0.06683259829878807, "top1": 0.00800000037997961, "top5": 0.03999999910593033, "top10": 0.08799999952316284, "mrr": 0.04483259841799736, "median_rank": 59.0, "mean_diag_cosine": 0.00084743119077757, "collapse_score": 4.641693904181679}
{"epoch": 24, "train_loss": 4.5798766851425174, "val_loss": 4.825738906860352, "val_score": 0.06703658029437065, "top1": 0.00800000037997961, "top5": 0.03999999910593033, "top10": 0.09600000083446503, "mrr": 0.043036580085754395, "median_rank": 54.0, "mean_diag_cosine": 0.002558233216404915, "collapse_score": 4.759271465197983}
{"epoch": 25, "train_loss": 4.564699490865071, "val_loss": 4.8107099533081055, "val_score": 0.06663163006305695, "top1": 0.00800000037997961, "top5": 0.03999999910593033, "top10": 0.08799999952316284, "mrr": 0.044631630182266235, "median_rank": 49.0, "mean_diag_cosine": 0.0035734374541789293, "collapse_score": 4.653391655527816}
{"epoch": 26, "train_loss": 4.553705088297526, "val_loss": 4.832497596740723, "val_score": 0.07148661091923714, "top1": 0.01600000075995922, "top5": 0.03999999910593033, "top10": 0.08799999952316284, "mrr": 0.049486611038446426, "median_rank": 58.0, "mean_diag_cosine": 0.0030401151161640882, "collapse_score": 4.662881045547929}
{"epoch": 27, "train_loss": 4.548889605204264, "val_loss": 4.840834617614746, "val_score": 0.06385008990764618, "top1": 0.00800000037997961, "top5": 0.03200000151991844, "top10": 0.08799999952316284, "mrr": 0.04185009002685547, "median_rank": 60.0, "mean_diag_cosine": 0.0021592576522380114, "collapse_score": 4.656905977799087}
{"epoch": 28, "train_loss": 4.536166421572367, "val_loss": 4.8149495124816895, "val_score": 0.07192882150411606, "top1": 0.01600000075995922, "top5": 0.03200000151991844, "top10": 0.08799999952316284, "mrr": 0.04992882162332535, "median_rank": 51.0, "mean_diag_cosine": 0.003546574153006077, "collapse_score": 4.712184882401054}
{"epoch": 29, "train_loss": 4.531599839528401, "val_loss": 4.828876495361328, "val_score": 0.06385504454374313, "top1": 0.00800000037997961, "top5": 0.03200000151991844, "top10": 0.07999999821186066, "mrr": 0.04385504499077797, "median_rank": 56.0, "mean_diag_cosine": 0.004410268738865852, "collapse_score": 4.659881231236604}
{"epoch": 30, "train_loss": 4.520366557439169, "val_loss": 4.829725742340088, "val_score": 0.06655527651309967, "top1": 0.00800000037997961, "top5": 0.024000000208616257, "top10": 0.09600000083446503, "mrr": 0.042555276304483414, "median_rank": 51.0, "mean_diag_cosine": 0.004546361044049263, "collapse_score": 4.6764564333503635}
{"epoch": 31, "train_loss": 4.512441229820252, "val_loss": 4.838678359985352, "val_score": 0.06572651118040085, "top1": 0.00800000037997961, "top5": 0.04800000041723251, "top10": 0.07999999821186066, "mrr": 0.045726511627435684, "median_rank": 59.0, "mean_diag_cosine": 0.0036782545503228903, "collapse_score": 4.656645124380711}
{"epoch": 32, "train_loss": 4.512245233853658, "val_loss": 4.834663391113281, "val_score": 0.05448359064757824, "top1": 0.00800000037997961, "top5": 0.03200000151991844, "top10": 0.0560000017285347, "mrr": 0.040483590215444565, "median_rank": 55.0, "mean_diag_cosine": 0.004270721226930618, "collapse_score": 4.5460847743967285}
{"epoch": 33, "train_loss": 4.505465412139893, "val_loss": 4.832431793212891, "val_score": 0.07412739470601082, "top1": 0.00800000037997961, "top5": 0.04800000041723251, "top10": 0.10400000214576721, "mrr": 0.048127394169569016, "median_rank": 56.0, "mean_diag_cosine": 0.004310647491365671, "collapse_score": 4.764938251634198}
{"epoch": 34, "train_loss": 4.489879584312439, "val_loss": 4.837891578674316, "val_score": 0.06664125248789787, "top1": 0.00800000037997961, "top5": 0.03200000151991844, "top10": 0.08799999952316284, "mrr": 0.04464125260710716, "median_rank": 58.0, "mean_diag_cosine": 0.0031968303956091404, "collapse_score": 4.709695341416261}
{"epoch": 35, "train_loss": 4.481630357106527, "val_loss": 4.838768005371094, "val_score": 0.07443978078663349, "top1": 0.00800000037997961, "top5": 0.04800000041723251, "top10": 0.11999999731779099, "mrr": 0.044439781457185745, "median_rank": 59.0, "mean_diag_cosine": 0.004854903090745211, "collapse_score": 4.755923564019929}
{"epoch": 36, "train_loss": 4.477175243695577, "val_loss": 4.831141471862793, "val_score": 0.06768811866641045, "top1": 0.00800000037997961, "top5": 0.03200000151991844, "top10": 0.07999999821186066, "mrr": 0.04768811911344528, "median_rank": 51.0, "mean_diag_cosine": 0.0051408493891358376, "collapse_score": 4.632476377626823}
{"epoch": 37, "train_loss": 4.465093580881755, "val_loss": 4.826174736022949, "val_score": 0.08844143897294998, "top1": 0.024000000208616257, "top5": 0.0560000017285347, "top10": 0.1120000034570694, "mrr": 0.06044143810868263, "median_rank": 56.0, "mean_diag_cosine": 0.005473783239722252, "collapse_score": 4.734863038192794}
{"epoch": 38, "train_loss": 4.459388693173726, "val_loss": 4.832089424133301, "val_score": 0.07085838541388512, "top1": 0.01600000075995922, "top5": 0.03200000151991844, "top10": 0.08799999952316284, "mrr": 0.048858385533094406, "median_rank": 54.0, "mean_diag_cosine": 0.005281015764921904, "collapse_score": 4.705440805224013}
{"epoch": 39, "train_loss": 4.4491177241007485, "val_loss": 4.850574016571045, "val_score": 0.06001666188240051, "top1": 0.00800000037997961, "top5": 0.01600000075995922, "top10": 0.07199999690055847, "mrr": 0.042016662657260895, "median_rank": 51.0, "mean_diag_cosine": 0.006047938950359821, "collapse_score": 4.736542493805261}
{"epoch": 40, "train_loss": 4.460139671961467, "val_loss": 4.856050491333008, "val_score": 0.05140836723148823, "top1": 0.0, "top5": 0.03200000151991844, "top10": 0.06400000303983688, "mrr": 0.03540836647152901, "median_rank": 57.0, "mean_diag_cosine": 0.004333164542913437, "collapse_score": 4.647676594270668}
{"epoch": 41, "train_loss": 4.444233560562134, "val_loss": 4.861315727233887, "val_score": 0.05358068831264973, "top1": 0.00800000037997961, "top5": 0.01600000075995922, "top10": 0.06400000303983688, "mrr": 0.037580687552690506, "median_rank": 58.0, "mean_diag_cosine": 0.0025706919841468334, "collapse_score": 4.615338816195525}
{"epoch": 42, "train_loss": 4.426026701927185, "val_loss": 4.849245548248291, "val_score": 0.0699960645288229, "top1": 0.024000000208616257, "top5": 0.03999999910593033, "top10": 0.06400000303983688, "mrr": 0.05399606376886368, "median_rank": 54.0, "mean_diag_cosine": 0.006698418874293566, "collapse_score": 4.685530829295787}
{"epoch": 43, "train_loss": 4.417225456237793, "val_loss": 4.849596977233887, "val_score": 0.06603065878152847, "top1": 0.00800000037997961, "top5": 0.04800000041723251, "top10": 0.08799999952316284, "mrr": 0.04403065890073776, "median_rank": 57.0, "mean_diag_cosine": 0.005768413655459881, "collapse_score": 4.748468491892477}
{"epoch": 44, "train_loss": 4.4191619237264, "val_loss": 4.859029769897461, "val_score": 0.06275439448654652, "top1": 0.01600000075995922, "top5": 0.03200000151991844, "top10": 0.06400000303983688, "mrr": 0.046754393726587296, "median_rank": 62.0, "mean_diag_cosine": 0.005359320435672998, "collapse_score": 4.760828963368092}
{"epoch": 45, "train_loss": 4.404956046740214, "val_loss": 4.878093719482422, "val_score": 0.0496774148195982, "top1": 0.00800000037997961, "top5": 0.024000000208616257, "top10": 0.04800000041723251, "mrr": 0.03767741471529007, "median_rank": 61.0, "mean_diag_cosine": 0.003154236823320389, "collapse_score": 4.580276898444386}
{"epoch": 46, "train_loss": 4.3980749209721886, "val_loss": 4.872287750244141, "val_score": 0.051522085443139076, "top1": 0.00800000037997961, "top5": 0.01600000075995922, "top10": 0.0560000017285347, "mrr": 0.0375220850110054, "median_rank": 60.0, "mean_diag_cosine": 0.006630727555602789, "collapse_score": 4.686419255386295}
{"epoch": 47, "train_loss": 4.387081344922383, "val_loss": 4.863903045654297, "val_score": 0.059009913355112076, "top1": 0.00800000037997961, "top5": 0.03200000151991844, "top10": 0.07199999690055847, "mrr": 0.04100991412997246, "median_rank": 58.0, "mean_diag_cosine": 0.006356494035571814, "collapse_score": 4.706127239300616}
{"epoch": 48, "train_loss": 4.380174573262533, "val_loss": 4.871335983276367, "val_score": 0.05676882900297642, "top1": 0.00800000037997961, "top5": 0.024000000208616257, "top10": 0.06400000303983688, "mrr": 0.0407688282430172, "median_rank": 60.0, "mean_diag_cosine": 0.004940364044159651, "collapse_score": 4.62557307823337}
{"epoch": 49, "train_loss": 4.370593118667602, "val_loss": 4.867432594299316, "val_score": 0.05535849370062351, "top1": 0.00800000037997961, "top5": 0.024000000208616257, "top10": 0.06400000303983688, "mrr": 0.03935849294066429, "median_rank": 58.0, "mean_diag_cosine": 0.007951008155941963, "collapse_score": 4.6963977455658625}
{"epoch": 50, "train_loss": 4.366070397694906, "val_loss": 4.890091896057129, "val_score": 0.05674031935632229, "top1": 0.01600000075995922, "top5": 0.03200000151991844, "top10": 0.04800000041723251, "mrr": 0.04474031925201416, "median_rank": 60.0, "mean_diag_cosine": 0.005408956669270992, "collapse_score": 4.704890726343379}
{
  "best_score": 0.08844143897294998,
  "best_epoch": 37,
  "run_dir": "outputs/baseline_matrix/20260514_132502_matrix/20260514_133028_zuna_shuffled_zuna_shuffled_tight1s_recovery",
  "metrics": {
    "loss": 4.826174736022949,
    "n": 125,
    "top1": 0.024000000208616257,
    "top5": 0.0560000017285347,
    "top10": 0.1120000034570694,
    "mrr": 0.06044143810868263,
    "median_rank": 56.0,
    "off_diag_cosine": 0.002075010910630226,
    "pred_std": 0.04165352135896683,
    "target_std": 0.008797196671366692,
    "collapse_score": 4.734863038192794,
    "mean_diag_cosine": 0.005473783239722252,
    "random_top1_expected": 0.008,
    "random_top5_expected": 0.04,
    "random_top10_expected": 0.08,
    "best_epoch": 37,
    "best_score": 0.08844143897294998,
    "best_mrr": 0.06044143810868263,
    "best_top10": 0.1120000034570694,
    "best_collapse_score": 4.734863038192794,
    "target_bank_audit": {
      "target_bank_n": 3974.0,
      "target_off_diag_mean": 0.9545738101005554,
      "target_off_diag_std": 0.008043263107538223
    },
    "target_bank_n": 3974.0,
    "target_off_diag_mean": 0.9545738101005554,
    "target_off_diag_std": 0.008043263107538223,
    "input_domain": "zuna",
    "target_mode": "shuffled",
    "split_mode": "run",
    "condition": "zuna_shuffled"
  }
}

============================================================
  Condition: zuna_random  (zuna → random, split=run)
============================================================
[TargetBankAudit] {"target_bank_n": 3974.0, "target_off_diag_mean": 0.9545738101005554, "target_off_diag_std": 0.008043263107538223}

[Dataset] window_mode: tight1s
[Dataset] target_space: common
[Dataset] add_event_marker: True
[Dataset] EEG shape: [63, 307]
[Dataset] n_samples: 3974
[Model] model: temporal_attn_small hidden_dim=128 n_layers=2 n_heads=4 dropout=0.35
{
  "setup": {
    "items": 3974,
    "train_items": 3849,
    "val_items": 125,
    "eeg_shape": [
      63,
      307
    ],
    "embedding_dim": 512,
    "device": "cuda",
    "first_forward_shape": [
      64,
      512
    ],
    "loss": "contrastive",
    "temperature": 0.07,
    "split_mode": "run",
    "val_runs": [
      32
    ],
    "input_domain": "zuna",
    "target_mode": "random",
    "window_mode": "tight1s",
    "target_space": "common",
    "model": "temporal_attn_small",
    "hidden_dim": 128,
    "n_layers": 2,
    "n_heads": 4,
    "dropout": 0.35,
    "stem_dropout1d": 0.15,
    "augment_eeg": true,
    "augment_params": {
      "channel_dropout": 0.1,
      "noise_std": 0.03,
      "amp_scale": 0.1,
      "time_mask": 24,
      "time_jitter": 8
    },
    "target_bank_audit": {
      "target_bank_n": 3974.0,
      "target_off_diag_mean": 0.9545738101005554,
      "target_off_diag_std": 0.008043263107538223
    }
  }
}
Run directory: outputs/baseline_matrix/20260514_132502_matrix/20260514_133537_zuna_random_zuna_random_tight1s_recovery
{"epoch": 1, "train_loss": 4.829228925704956, "val_loss": 4.911890983581543, "val_score": -1.0, "top1": 0.00800000037997961, "top5": 0.03999999910593033, "top10": 0.07999999821186066, "mrr": 0.04309050738811493, "median_rank": 64.0, "mean_diag_cosine": 0.002001979388296604, "collapse_score": 0.023421678511082334}
{"epoch": 2, "train_loss": 4.80028415520986, "val_loss": 4.9170379638671875, "val_score": -1.0, "top1": 0.00800000037997961, "top5": 0.03999999910593033, "top10": 0.08799999952316284, "mrr": 0.04267384111881256, "median_rank": 64.0, "mean_diag_cosine": 0.002584500005468726, "collapse_score": 0.018281598153252525}
{"epoch": 3, "train_loss": 4.788507866859436, "val_loss": 4.911344528198242, "val_score": -1.0, "top1": 0.00800000037997961, "top5": 0.03999999910593033, "top10": 0.07999999821186066, "mrr": 0.04255134239792824, "median_rank": 62.0, "mean_diag_cosine": 0.0023228577338159084, "collapse_score": 0.019018501204035167}
{"epoch": 4, "train_loss": 4.781548802057902, "val_loss": 4.9116387367248535, "val_score": -1.0, "top1": 0.00800000037997961, "top5": 0.03999999910593033, "top10": 0.07999999821186066, "mrr": 0.042758118361234665, "median_rank": 63.0, "mean_diag_cosine": 0.0009462739108130336, "collapse_score": 0.026153249104500693}
{"epoch": 5, "train_loss": 4.776007994016012, "val_loss": 4.9085893630981445, "val_score": -1.0, "top1": 0.00800000037997961, "top5": 0.03999999910593033, "top10": 0.07199999690055847, "mrr": 0.04359468072652817, "median_rank": 64.0, "mean_diag_cosine": -8.670202078064904e-05, "collapse_score": 0.04554207700267917}
{"epoch": 6, "train_loss": 4.775795451800028, "val_loss": 4.911206245422363, "val_score": -1.0, "top1": 0.00800000037997961, "top5": 0.03999999910593033, "top10": 0.07199999690055847, "mrr": 0.042737532407045364, "median_rank": 62.0, "mean_diag_cosine": 0.0005592302186414599, "collapse_score": 0.05237389343665917}
{"epoch": 7, "train_loss": 4.768516739209493, "val_loss": 4.916799068450928, "val_score": 0.05958767794072628, "top1": 0.00800000037997961, "top5": 0.03999999910593033, "top10": 0.06400000303983688, "mrr": 0.04358767718076706, "median_rank": 65.0, "mean_diag_cosine": -0.002613707445561886, "collapse_score": 0.1017940727839744}
{"epoch": 8, "train_loss": 4.7562777121861775, "val_loss": 4.9253950119018555, "val_score": 0.06214733421802521, "top1": 0.00800000037997961, "top5": 0.03200000151991844, "top10": 0.07999999821186066, "mrr": 0.04214733466506004, "median_rank": 64.0, "mean_diag_cosine": 0.0004856915329582989, "collapse_score": 0.17922869793518081}
{"epoch": 9, "train_loss": 4.748721249898275, "val_loss": 4.915454864501953, "val_score": 0.05276358686387539, "top1": 0.0, "top5": 0.03999999910593033, "top10": 0.06400000303983688, "mrr": 0.03676358610391617, "median_rank": 62.0, "mean_diag_cosine": -0.003284309757873416, "collapse_score": 0.20639311298472096}
{"epoch": 10, "train_loss": 4.713598918914795, "val_loss": 4.9177045822143555, "val_score": 0.07143046706914902, "top1": 0.00800000037997961, "top5": 0.04800000041723251, "top10": 0.09600000083446503, "mrr": 0.04743046686053276, "median_rank": 59.0, "mean_diag_cosine": 0.00042139875586144626, "collapse_score": 0.4178012585678717}
{"epoch": 11, "train_loss": 4.673795835177104, "val_loss": 4.912062644958496, "val_score": 0.04650881793349981, "top1": 0.00800000037997961, "top5": 0.01600000075995922, "top10": 0.03200000151991844, "mrr": 0.0385088175535202, "median_rank": 59.0, "mean_diag_cosine": 0.0016561649972572923, "collapse_score": 0.6247290572497123}
{"epoch": 12, "train_loss": 4.621911017100016, "val_loss": 4.960201740264893, "val_score": 0.04972877725958824, "top1": 0.0, "top5": 0.00800000037997961, "top10": 0.07199999690055847, "mrr": 0.031728778034448624, "median_rank": 65.0, "mean_diag_cosine": 0.00022042343334760517, "collapse_score": 0.7458091020886525}
{"epoch": 13, "train_loss": 4.557105509440104, "val_loss": 4.945797920227051, "val_score": 0.049814898520708084, "top1": 0.0, "top5": 0.01600000075995922, "top10": 0.07199999690055847, "mrr": 0.031814899295568466, "median_rank": 63.0, "mean_diag_cosine": 0.005815273616462946, "collapse_score": 0.7993846765041741}
{"epoch": 14, "train_loss": 4.493657978375753, "val_loss": 4.9578094482421875, "val_score": 0.05152052640914917, "top1": 0.0, "top5": 0.024000000208616257, "top10": 0.07199999690055847, "mrr": 0.03352052718400955, "median_rank": 58.0, "mean_diag_cosine": 0.0031496870797127485, "collapse_score": 0.7917397942891581}
{"epoch": 15, "train_loss": 4.436722612380981, "val_loss": 5.001659393310547, "val_score": 0.04441971331834793, "top1": 0.0, "top5": 0.024000000208616257, "top10": 0.0560000017285347, "mrr": 0.030419712886214256, "median_rank": 61.0, "mean_diag_cosine": -0.0007253008079715073, "collapse_score": 0.870824715738669}
{"epoch": 16, "train_loss": 4.386797587076823, "val_loss": 4.987473487854004, "val_score": 0.05001144856214523, "top1": 0.0, "top5": 0.024000000208616257, "top10": 0.07199999690055847, "mrr": 0.032011449337005615, "median_rank": 61.0, "mean_diag_cosine": 0.0008491395274177194, "collapse_score": 0.8468722153546091}
{"epoch": 17, "train_loss": 4.326657470067342, "val_loss": 4.971478462219238, "val_score": 0.06279712542891502, "top1": 0.00800000037997961, "top5": 0.024000000208616257, "top10": 0.09600000083446503, "mrr": 0.03879712522029877, "median_rank": 59.0, "mean_diag_cosine": 0.0024468107149004936, "collapse_score": 0.9190857795140636}
{"epoch": 18, "train_loss": 4.285526784261068, "val_loss": 4.990029335021973, "val_score": 0.05707888677716255, "top1": 0.00800000037997961, "top5": 0.024000000208616257, "top10": 0.07199999690055847, "mrr": 0.039078887552022934, "median_rank": 63.0, "mean_diag_cosine": 0.0017767819808796048, "collapse_score": 0.8947292455847469}
{"epoch": 19, "train_loss": 4.2526365121205645, "val_loss": 4.982052803039551, "val_score": 0.04650927148759365, "top1": 0.0, "top5": 0.01600000075995922, "top10": 0.0560000017285347, "mrr": 0.032509271055459976, "median_rank": 61.0, "mean_diag_cosine": 0.0012093200348317623, "collapse_score": 0.9178350828644594}
{"epoch": 20, "train_loss": 4.202755196889242, "val_loss": 4.996653079986572, "val_score": 0.04930967278778553, "top1": 0.00800000037997961, "top5": 0.024000000208616257, "top10": 0.03999999910593033, "mrr": 0.03930967301130295, "median_rank": 59.0, "mean_diag_cosine": 0.001404072972945869, "collapse_score": 0.9302176468914035}
{"epoch": 21, "train_loss": 4.153914411862691, "val_loss": 5.028377056121826, "val_score": 0.04475412704050541, "top1": 0.0, "top5": 0.024000000208616257, "top10": 0.0560000017285347, "mrr": 0.030754126608371735, "median_rank": 66.0, "mean_diag_cosine": -0.0013737360714003444, "collapse_score": 0.9208355217779909}
{"epoch": 22, "train_loss": 4.124971985816956, "val_loss": 5.031746864318848, "val_score": 0.03591503482311964, "top1": 0.0, "top5": 0.01600000075995922, "top10": 0.03200000151991844, "mrr": 0.02791503444314003, "median_rank": 64.0, "mean_diag_cosine": -0.0010557357454672456, "collapse_score": 0.9243100075747844}
{"epoch": 23, "train_loss": 4.09194028377533, "val_loss": 5.017937660217285, "val_score": 0.03653777949512005, "top1": 0.0, "top5": 0.00800000037997961, "top10": 0.03999999910593033, "mrr": 0.026537779718637466, "median_rank": 62.0, "mean_diag_cosine": 0.00012843853619415313, "collapse_score": 0.9329666627563922}
{"epoch": 24, "train_loss": 4.059112425645193, "val_loss": 5.020885467529297, "val_score": 0.0315226586535573, "top1": 0.0, "top5": 0.00800000037997961, "top10": 0.024000000208616257, "mrr": 0.025522658601403236, "median_rank": 62.0, "mean_diag_cosine": 0.00046697421930730343, "collapse_score": 0.9471248967852223}
{"epoch": 25, "train_loss": 4.017437938849131, "val_loss": 5.035725116729736, "val_score": 0.038609664887189865, "top1": 0.0, "top5": 0.00800000037997961, "top10": 0.04800000041723251, "mrr": 0.026609664782881737, "median_rank": 62.0, "mean_diag_cosine": -0.0014613766688853502, "collapse_score": 0.9661656532468242}
{"epoch": 26, "train_loss": 3.999802748362223, "val_loss": 5.051840782165527, "val_score": 0.034185752272605896, "top1": 0.0, "top5": 0.0, "top10": 0.03999999910593033, "mrr": 0.024185752496123314, "median_rank": 65.0, "mean_diag_cosine": -0.002556953113526106, "collapse_score": 0.9462504479291212}
{"epoch": 27, "train_loss": 3.965195095539093, "val_loss": 5.051065444946289, "val_score": 0.03898613154888153, "top1": 0.0, "top5": 0.01600000075995922, "top10": 0.03999999910593033, "mrr": 0.02898613177239895, "median_rank": 70.0, "mean_diag_cosine": -0.0014688518131151795, "collapse_score": 0.9473350212544109}
{"epoch": 28, "train_loss": 3.9246605674425763, "val_loss": 5.044456481933594, "val_score": 0.031697084195911884, "top1": 0.0, "top5": 0.00800000037997961, "top10": 0.024000000208616257, "mrr": 0.02569708414375782, "median_rank": 69.0, "mean_diag_cosine": -0.0019733221270143986, "collapse_score": 0.9496740072568951}
{"epoch": 29, "train_loss": 3.906886863708496, "val_loss": 5.043573379516602, "val_score": 0.03445022087544203, "top1": 0.0, "top5": 0.00800000037997961, "top10": 0.03200000151991844, "mrr": 0.026450220495462418, "median_rank": 68.0, "mean_diag_cosine": -0.0009596188319846988, "collapse_score": 0.9546550888759785}
{"epoch": 30, "train_loss": 3.8766032536824544, "val_loss": 5.0379414558410645, "val_score": 0.03824448399245739, "top1": 0.0, "top5": 0.01600000075995922, "top10": 0.04800000041723251, "mrr": 0.02624448388814926, "median_rank": 64.0, "mean_diag_cosine": -0.0009852455696091056, "collapse_score": 0.9628610912571076}
{"epoch": 31, "train_loss": 3.8486896475156147, "val_loss": 5.01634407043457, "val_score": 0.045991893857717514, "top1": 0.0, "top5": 0.024000000208616257, "top10": 0.06400000303983688, "mrr": 0.029991893097758293, "median_rank": 57.0, "mean_diag_cosine": 0.0005056455265730619, "collapse_score": 0.952852984405099}
{"epoch": 32, "train_loss": 3.8245410601298016, "val_loss": 5.017684459686279, "val_score": 0.04034002311527729, "top1": 0.0, "top5": 0.01600000075995922, "top10": 0.04800000041723251, "mrr": 0.028340023010969162, "median_rank": 61.0, "mean_diag_cosine": 0.000883303233422339, "collapse_score": 0.9606175395995524}
{"epoch": 33, "train_loss": 3.794869144757589, "val_loss": 5.014775276184082, "val_score": 0.04081661254167557, "top1": 0.0, "top5": 0.00800000037997961, "top10": 0.04800000041723251, "mrr": 0.02881661243736744, "median_rank": 61.0, "mean_diag_cosine": 0.0001535229675937444, "collapse_score": 0.9623313884151657}
{"epoch": 34, "train_loss": 3.7728203813234966, "val_loss": 5.028923034667969, "val_score": 0.03828517999500036, "top1": 0.0, "top5": 0.01600000075995922, "top10": 0.03200000151991844, "mrr": 0.030285179615020752, "median_rank": 62.0, "mean_diag_cosine": -0.0003276783099863678, "collapse_score": 0.9565240818434807}
{"epoch": 35, "train_loss": 3.7560736854871113, "val_loss": 5.045407295227051, "val_score": 0.04652726836502552, "top1": 0.00800000037997961, "top5": 0.024000000208616257, "top10": 0.04800000041723251, "mrr": 0.03452726826071739, "median_rank": 64.0, "mean_diag_cosine": -0.0023470567539334297, "collapse_score": 0.9613651367865533}
{"epoch": 36, "train_loss": 3.733301103115082, "val_loss": 5.0376200675964355, "val_score": 0.04344568029046059, "top1": 0.0, "top5": 0.024000000208616257, "top10": 0.0560000017285347, "mrr": 0.029445679858326912, "median_rank": 63.0, "mean_diag_cosine": -0.0003622508083935827, "collapse_score": 0.9614897926211685}
{"epoch": 37, "train_loss": 3.7021288514137267, "val_loss": 5.0348663330078125, "val_score": 0.04203808680176735, "top1": 0.0, "top5": 0.00800000037997961, "top10": 0.0560000017285347, "mrr": 0.028038086369633675, "median_rank": 63.0, "mean_diag_cosine": -0.000941199017688632, "collapse_score": 0.9601554853507859}
{"epoch": 38, "train_loss": 3.674940025806427, "val_loss": 5.028385639190674, "val_score": 0.04219510965049267, "top1": 0.0, "top5": 0.00800000037997961, "top10": 0.04800000041723251, "mrr": 0.03019510954618454, "median_rank": 61.0, "mean_diag_cosine": 3.949165147787426e-06, "collapse_score": 0.9529331323638048}
{"epoch": 39, "train_loss": 3.667355501651764, "val_loss": 5.015605926513672, "val_score": 0.04432951845228672, "top1": 0.0, "top5": 0.01600000075995922, "top10": 0.0560000017285347, "mrr": 0.030329518020153046, "median_rank": 63.0, "mean_diag_cosine": 0.00034933144343085587, "collapse_score": 0.9625726768430082}
{"epoch": 40, "train_loss": 3.639183262983958, "val_loss": 5.036190032958984, "val_score": 0.04370935820043087, "top1": 0.0, "top5": 0.03200000151991844, "top10": 0.04800000041723251, "mrr": 0.03170935809612274, "median_rank": 64.0, "mean_diag_cosine": -0.0007729444769211113, "collapse_score": 0.9596168302605586}
{"epoch": 41, "train_loss": 3.6230159838994345, "val_loss": 5.018763542175293, "val_score": 0.04490139149129391, "top1": 0.0, "top5": 0.03999999910593033, "top10": 0.04800000041723251, "mrr": 0.03290139138698578, "median_rank": 64.0, "mean_diag_cosine": 0.00020902472897432745, "collapse_score": 0.9632048238091968}
{"epoch": 42, "train_loss": 3.5926565408706663, "val_loss": 5.019710540771484, "val_score": 0.05277950502932072, "top1": 0.0, "top5": 0.03200000151991844, "top10": 0.06400000303983688, "mrr": 0.036779504269361496, "median_rank": 65.0, "mean_diag_cosine": -0.00030060249264352024, "collapse_score": 0.954172089744431}
{"epoch": 43, "train_loss": 3.596911386648814, "val_loss": 5.027531147003174, "val_score": 0.06083408370614052, "top1": 0.00800000037997961, "top5": 0.03999999910593033, "top10": 0.08799999952316284, "mrr": 0.03883408382534981, "median_rank": 64.0, "mean_diag_cosine": -0.0006911992095410824, "collapse_score": 0.9616525377385827}
{"epoch": 44, "train_loss": 3.5597373127937315, "val_loss": 5.0231733322143555, "val_score": 0.06015845760703087, "top1": 0.00800000037997961, "top5": 0.03999999910593033, "top10": 0.07199999690055847, "mrr": 0.04215845838189125, "median_rank": 59.0, "mean_diag_cosine": 6.20663195149973e-05, "collapse_score": 0.9587561475975755}
{"epoch": 45, "train_loss": 3.544380211830139, "val_loss": 5.020685195922852, "val_score": 0.05560458451509476, "top1": 0.0, "top5": 0.03200000151991844, "top10": 0.07199999690055847, "mrr": 0.03760458528995514, "median_rank": 66.0, "mean_diag_cosine": 0.00022626582358498126, "collapse_score": 0.9584079389213436}
{"epoch": 46, "train_loss": 3.525407691796621, "val_loss": 5.02335786819458, "val_score": 0.052254993468523026, "top1": 0.0, "top5": 0.01600000075995922, "top10": 0.07199999690055847, "mrr": 0.03425499424338341, "median_rank": 61.0, "mean_diag_cosine": -5.456054350361228e-05, "collapse_score": 0.9666421493300889}
{"epoch": 47, "train_loss": 3.4969162940979004, "val_loss": 5.016566753387451, "val_score": 0.04873846285045147, "top1": 0.0, "top5": 0.024000000208616257, "top10": 0.06400000303983688, "mrr": 0.03273846209049225, "median_rank": 64.0, "mean_diag_cosine": -0.00012009680358460173, "collapse_score": 0.9659854259087017}
{"epoch": 48, "train_loss": 3.492149285475413, "val_loss": 5.019344329833984, "val_score": 0.0442760419100523, "top1": 0.0, "top5": 0.01600000075995922, "top10": 0.0560000017285347, "mrr": 0.030276041477918625, "median_rank": 62.0, "mean_diag_cosine": -0.0006095888675190508, "collapse_score": 0.9734871566063243}
{"epoch": 49, "train_loss": 3.4832033634185793, "val_loss": 5.012367248535156, "val_score": 0.050644801929593086, "top1": 0.0, "top5": 0.03999999910593033, "top10": 0.06400000303983688, "mrr": 0.034644801169633865, "median_rank": 64.0, "mean_diag_cosine": 0.000608429778367281, "collapse_score": 0.9676653237449687}
{"epoch": 50, "train_loss": 3.445365031560262, "val_loss": 5.004588603973389, "val_score": 0.054963357746601105, "top1": 0.0, "top5": 0.03200000151991844, "top10": 0.07199999690055847, "mrr": 0.03696335852146149, "median_rank": 61.0, "mean_diag_cosine": 0.0007526936242356896, "collapse_score": 0.9715135236800903}
{
  "best_score": 0.07143046706914902,
  "best_epoch": 10,
  "run_dir": "outputs/baseline_matrix/20260514_132502_matrix/20260514_133537_zuna_random_zuna_random_tight1s_recovery",
  "metrics": {
    "loss": 4.9177045822143555,
    "n": 125,
    "top1": 0.00800000037997961,
    "top5": 0.04800000041723251,
    "top10": 0.09600000083446503,
    "mrr": 0.04743046686053276,
    "median_rank": 59.0,
    "off_diag_cosine": -0.0004313725221436471,
    "pred_std": 0.01842907816171646,
    "target_std": 0.04410967603325844,
    "collapse_score": 0.4178012585678717,
    "mean_diag_cosine": 0.00042139875586144626,
    "random_top1_expected": 0.008,
    "random_top5_expected": 0.04,
    "random_top10_expected": 0.08,
    "best_epoch": 10,
    "best_score": 0.07143046706914902,
    "best_mrr": 0.04743046686053276,
    "best_top10": 0.09600000083446503,
    "best_collapse_score": 0.4178012585678717,
    "target_bank_audit": {
      "target_bank_n": 3974.0,
      "target_off_diag_mean": 0.9545738101005554,
      "target_off_diag_std": 0.008043263107538223
    },
    "target_bank_n": 3974.0,
    "target_off_diag_mean": 0.9545738101005554,
    "target_off_diag_std": 0.008043263107538223,
    "input_domain": "zuna",
    "target_mode": "random",
    "split_mode": "run",
    "condition": "zuna_random"
  }
}
